Arguments: 
  /home/mad1ad/.nvm/versions/node/v16.19.0/bin/node /snap/node/7707/bin/yarn.js

PATH: 
  /opt/apache-maven-3.6.3/bin:/home/mad1ad/.local/share/koii/install/active_release/bin:/opt/apache-maven-3.6.3/bin:/home/mad1ad/.local/share/koii/install/active_release/bin:/home/mad1ad/.local/share/pnpm:/home/mad1ad/.nvm/versions/node/v16.19.0/bin:/opt/apache-maven-3.6.3/bin:/home/mad1ad/.local/share/koii/install/active_release/bin:/usr/local/sbin:/usr/local/bin:/usr/sbin:/usr/bin:/sbin:/bin:/usr/games:/usr/local/games:/snap/bin:/snap/bin

Yarn version: 
  1.22.19

Node version: 
  16.19.0

Platform: 
  linux x64

Trace: 
  SyntaxError: /home/mad1ad/Downloads/Capstone/new_code/server/package.json: Unexpected token } in JSON at position 444
      at JSON.parse (<anonymous>)
      at /snap/node/7707/lib/cli.js:1629:59
      at Generator.next (<anonymous>)
      at step (/snap/node/7707/lib/cli.js:310:30)
      at /snap/node/7707/lib/cli.js:321:13

npm manifest: 
  {
    "name": "smartboard-iot",
    "version": "1.0.0",
    "description": "mad1ad",
    "main": "index.js",
    "scripts": {
      "start": "node dist/index.js",
      "build": "webpack --config webpack.config.js",
      "test": "echo \"Error: no test specified\" && exit 1"
    },
    "keywords": [],
    "author": "",
    "license": "ISC",
    "dependencies": {
      "dotenv": "^16.3.1",
      "express": "^4.18.2",
      "mongoose": "^7.4.3",
      "ts-node": "^10.9.1",
    },
    "devDependencies": {
      "@babel/core": "^7.15.5",
      "@babel/preset-env": "^7.15.6",
      "@babel/preset-typescript": "^7.15.0",
      "@types/express": "^4.17.13",
      "@types/mongoose": "^5.11.105",
      "copy-webpack-plugin": "^9.0.1",
      "ts-loader": "^9.2.5",
      "typescript": "^5.1.6",
      "webpack": "^5.52.1",
      "webpack-cli": "^4.8.0"
    }
  }

yarn manifest: 
  No manifest

Lockfile: 
  No lockfile
